[debug] [2023-03-11T21:50:30.851Z] ----------------------------------------------------------------------
[debug] [2023-03-11T21:50:30.853Z] Command:       C:\Program Files\nodejs\node.exe C:\Users\ivona\AppData\Roaming\npm\node_modules\firebase-tools\lib\bin\firebase.js init
[debug] [2023-03-11T21:50:30.853Z] CLI Version:   11.24.1
[debug] [2023-03-11T21:50:30.854Z] Platform:      win32
[debug] [2023-03-11T21:50:30.854Z] Node Version:  v16.14.2
[debug] [2023-03-11T21:50:30.855Z] Time:          Sat Mar 11 2023 22:50:30 GMT+0100 (Central European Standard Time)
[debug] [2023-03-11T21:50:30.855Z] ----------------------------------------------------------------------
[debug] 
[debug] [2023-03-11T21:50:30.868Z] > command requires scopes: ["email","openid","https://www.googleapis.com/auth/cloudplatformprojects.readonly","https://www.googleapis.com/auth/firebase","https://www.googleapis.com/auth/cloud-platform"]
[debug] [2023-03-11T21:50:30.869Z] > authorizing via signed-in user (danielbojchovski92@gmail.com)
[info] 
     ######## #### ########  ######## ########     ###     ######  ########
     ##        ##  ##     ## ##       ##     ##  ##   ##  ##       ##
     ######    ##  ########  ######   ########  #########  ######  ######
     ##        ##  ##    ##  ##       ##     ## ##     ##       ## ##
     ##       #### ##     ## ######## ########  ##     ##  ######  ########

You're about to initialize a Firebase project in this directory:

  C:\Users\ivona\OneDrive\Desktop\Next.js\portfolio

[info] 
=== Project Setup
[info] 
[info] First, let's associate this project directory with a Firebase project.
[info] You can create multiple project aliases by running firebase use --add, 
[info] but for now we'll just set up a default project.
[info] 
[debug] [2023-03-11T21:52:36.827Z] >>> [apiv2][query] GET https://firebase.googleapis.com/v1beta1/projects pageSize=100
[debug] [2023-03-11T21:52:37.507Z] <<< [apiv2][status] GET https://firebase.googleapis.com/v1beta1/projects 200
[debug] [2023-03-11T21:52:37.507Z] <<< [apiv2][body] GET https://firebase.googleapis.com/v1beta1/projects [omitted]
[info] i  Using project todos-firebase-70cc2 (todos-firebase) 
[info] 
=== Hosting Setup
[info] 
[info] Your public directory is the folder (relative to your project directory) that
[info] will contain Hosting assets to be uploaded with firebase deploy. If you
[info] have a build process for your assets, use your build's output directory.
[info] 
[info] +  Wrote public/404.html 
[debug] [2023-03-11T21:55:13.136Z] >>> [apiv2][query] GET https://www.gstatic.com/firebasejs/releases.json [none]
[debug] [2023-03-11T21:55:13.312Z] <<< [apiv2][status] GET https://www.gstatic.com/firebasejs/releases.json 200
[debug] [2023-03-11T21:55:13.312Z] <<< [apiv2][body] GET https://www.gstatic.com/firebasejs/releases.json {"current":{"version":"9.17.2","browserURL":"https://www.gstatic.com/firebasejs/9.17.2/firebase.js","packageURL":"https://www.gstatic.com/firebasejs/9.17.2/firebase.tgz"},"live":{"version":"9.17","browserURL":"https://www.gstatic.com/firebasejs/live/9.17/firebase.js","packageURL":"https://www.gstatic.com/firebasejs/live/9.17/firebase.tgz"},"components":{"analytics":"https://www.gstatic.com/firebasejs/9.17.2/firebase-analytics.js","app":"https://www.gstatic.com/firebasejs/9.17.2/firebase-app.js","app-check":"https://www.gstatic.com/firebasejs/9.17.2/firebase-app-check.js","auth":"https://www.gstatic.com/firebasejs/9.17.2/firebase-auth.js","auth/cordova":"https://www.gstatic.com/firebasejs/9.17.2/firebase-auth/cordova.js","auth/react-native":"https://www.gstatic.com/firebasejs/9.17.2/firebase-auth/react-native.js","functions":"https://www.gstatic.com/firebasejs/9.17.2/firebase-functions.js","firestore":"https://www.gstatic.com/firebasejs/9.17.2/firebase-firestore.js","firestore/lite":"https://www.gstatic.com/firebasejs/9.17.2/firebase-firestore/lite.js","installations":"https://www.gstatic.com/firebasejs/9.17.2/firebase-installations.js","storage":"https://www.gstatic.com/firebasejs/9.17.2/firebase-storage.js","performance":"https://www.gstatic.com/firebasejs/9.17.2/firebase-performance.js","remote-config":"https://www.gstatic.com/firebasejs/9.17.2/firebase-remote-config.js","messaging":"https://www.gstatic.com/firebasejs/9.17.2/firebase-messaging.js","messaging/sw":"https://www.gstatic.com/firebasejs/9.17.2/firebase-messaging/sw.js","database":"https://www.gstatic.com/firebasejs/9.17.2/firebase-database.js","firestore.memory":"https://www.gstatic.com/firebasejs/9.17.2/firebase-firestore.memory.js"}}
[info] +  Wrote public/index.html 
[info] 
[info] i  Detected a .git folder at C:\Users\ivona\OneDrive\Desktop\Next.js\portfolio 
[info] i  Authorizing with GitHub to upload your service account to a GitHub repository's secrets store. 
[info] 
[info] Visit this URL on this device to log in:
[info] https://github.com/login/oauth/authorize?client_id=89cf50f02ac6aaed3484&state=344219146&redirect_uri=http%3A%2F%2Flocalhost%3A9005&scope=read%3Auser%20repo%20public_repo
[info] 
[info] Waiting for authentication...
[debug] [2023-03-11T21:55:37.709Z] >>> [apiv2][query] POST https://github.com/login/oauth/access_token [none]
[debug] [2023-03-11T21:55:37.709Z] >>> [apiv2][body] POST https://github.com/login/oauth/access_token [stream]
[debug] [2023-03-11T21:55:38.074Z] <<< [apiv2][status] POST https://github.com/login/oauth/access_token 200
[debug] [2023-03-11T21:55:38.074Z] <<< [apiv2][body] POST https://github.com/login/oauth/access_token {"access_token":"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","token_type":"bearer","scope":"read:user,repo"}
[debug] [2023-03-11T21:55:38.081Z] >>> [apiv2][query] GET https://api.github.com/user [none]
[debug] [2023-03-11T21:55:38.438Z] <<< [apiv2][status] GET https://api.github.com/user 200
[debug] [2023-03-11T21:55:38.439Z] <<< [apiv2][body] GET https://api.github.com/user {"login":"DanielBojchovski","id":106997266,"node_id":"U_kgDOBmCmEg","avatar_url":"https://avatars.githubusercontent.com/u/106997266?v=4","gravatar_id":"","url":"https://api.github.com/users/DanielBojchovski","html_url":"https://github.com/DanielBojchovski","followers_url":"https://api.github.com/users/DanielBojchovski/followers","following_url":"https://api.github.com/users/DanielBojchovski/following{/other_user}","gists_url":"https://api.github.com/users/DanielBojchovski/gists{/gist_id}","starred_url":"https://api.github.com/users/DanielBojchovski/starred{/owner}{/repo}","subscriptions_url":"https://api.github.com/users/DanielBojchovski/subscriptions","organizations_url":"https://api.github.com/users/DanielBojchovski/orgs","repos_url":"https://api.github.com/users/DanielBojchovski/repos","events_url":"https://api.github.com/users/DanielBojchovski/events{/privacy}","received_events_url":"https://api.github.com/users/DanielBojchovski/received_events","type":"User","site_admin":false,"name":"Daniel Bojchovski","company":null,"blog":"","location":null,"email":null,"hireable":null,"bio":null,"twitter_username":null,"public_repos":45,"public_gists":0,"followers":0,"following":0,"created_at":"2022-06-06T18:34:44Z","updated_at":"2023-03-02T22:01:13Z","private_gists":0,"total_private_repos":29,"owned_private_repos":29,"disk_usage":62338,"collaborators":0,"two_factor_authentication":false,"plan":{"name":"free","space":976562499,"collaborators":0,"private_repos":10000}}
[info] 
[info] +  Success! Logged into GitHub as DanielBojchovski 
[info] 
